<?xml version="1.0" encoding="UTF-8"?>
<testsuite name="PushDownTest" tests="5" skipped="0" failures="0" errors="0" timestamp="2024-03-20T13:59:22" hostname="DESKTOP-8N146GG" time="2.551">
  <properties/>
  <testcase name="catClassTest()" classname="PushDownTest" time="0.258"/>
  <testcase name="animalClassTest()" classname="PushDownTest" time="0.001"/>
  <testcase name="dogClassTest()" classname="PushDownTest" time="0.004"/>
  <testcase name="testPushDownBarkMethod()" classname="PushDownTest" time="2.099"/>
  <testcase name="testPushDownMeowMethod()" classname="PushDownTest" time="0.185"/>
  <system-out><![CDATA[]]></system-out>
  <system-err><![CDATA[]]></system-err>
</testsuite>
