<?xml version="1.0" encoding="UTF-8"?>
<testsuite name="MiddleManTest" tests="2" skipped="0" failures="0" errors="0" timestamp="2024-03-20T14:28:52" hostname="DESKTOP-8N146GG" time="2.609">
  <properties/>
  <testcase name="testMethodCallExists()" classname="MiddleManTest" time="2.395"/>
  <testcase name="testMiddleManClassRemoved()" classname="MiddleManTest" time="0.213"/>
  <system-out><![CDATA[]]></system-out>
  <system-err><![CDATA[]]></system-err>
</testsuite>
