<?xml version="1.0" encoding="UTF-8"?>
<testsuite name="ExtractingTest" tests="1" skipped="0" failures="0" errors="0" timestamp="2024-03-20T14:08:35" hostname="DESKTOP-8N146GG" time="2.499">
  <properties/>
  <testcase name="testExtractedFunction()" classname="ExtractingTest" time="2.499"/>
  <system-out><![CDATA[]]></system-out>
  <system-err><![CDATA[]]></system-err>
</testsuite>
