<?xml version="1.0" encoding="UTF-8"?>
<testsuite name="ReformatCodeWithoutIDETest" tests="1" skipped="0" failures="0" errors="0" timestamp="2024-03-20T13:05:15" hostname="DESKTOP-8N146GG" time="2.431">
  <properties/>
  <testcase name="testSolutionIsFormatted()" classname="ReformatCodeWithoutIDETest" time="2.431"/>
  <system-out><![CDATA[]]></system-out>
  <system-err><![CDATA[]]></system-err>
</testsuite>
