<?xml version="1.0" encoding="UTF-8"?>
<testsuite name="InliningTest" tests="2" skipped="0" failures="0" errors="0" timestamp="2024-03-20T14:23:52" hostname="DESKTOP-8N146GG" time="2.663">
  <properties/>
  <testcase name="testExpressionCallIsReplacedByItsBody()" classname="InliningTest" time="2.479"/>
  <testcase name="testDeletedVariablesAndMethods()" classname="InliningTest" time="0.183"/>
  <system-out><![CDATA[]]></system-out>
  <system-err><![CDATA[]]></system-err>
</testsuite>
