<?xml version="1.0" encoding="UTF-8"?>
<testsuite name="MovingTest" tests="4" skipped="0" failures="0" errors="0" timestamp="2024-03-20T13:48:22" hostname="DESKTOP-8N146GG" time="2.504">
  <properties/>
  <testcase name="testStartMethodMovedToCarClass()" classname="MovingTest" time="2.294"/>
  <testcase name="carClassTest()" classname="MovingTest" time="0.026"/>
  <testcase name="driverClassTest()" classname="MovingTest" time="0.003"/>
  <testcase name="testStopMethodMovedToCarClass()" classname="MovingTest" time="0.179"/>
  <system-out><![CDATA[]]></system-out>
  <system-err><![CDATA[]]></system-err>
</testsuite>
