<?xml version="1.0" encoding="UTF-8"?>
<testsuite name="ReformatCodeBasedOnEditorConfigSettingsTest" tests="1" skipped="0" failures="0" errors="0" timestamp="2024-03-20T13:20:14" hostname="DESKTOP-8N146GG" time="3.297">
  <properties/>
  <testcase name="testSolutionIsFormattedAccordingToEditorConfigSettings()" classname="ReformatCodeBasedOnEditorConfigSettingsTest" time="3.297"/>
  <system-out><![CDATA[]]></system-out>
  <system-err><![CDATA[]]></system-err>
</testsuite>
