<?xml version="1.0" encoding="UTF-8"?>
<testsuite name="ReformatCodeTest" tests="2" skipped="0" failures="0" errors="0" timestamp="2024-03-20T13:09:23" hostname="DESKTOP-8N146GG" time="2.651">
  <properties/>
  <testcase name="testSolutionIsFormatted()" classname="ReformatCodeTest" time="2.477"/>
  <testcase name="testUnusedImportsAreRemoved()" classname="ReformatCodeTest" time="0.173"/>
  <system-out><![CDATA[]]></system-out>
  <system-err><![CDATA[]]></system-err>
</testsuite>
