<?xml version="1.0" encoding="UTF-8"?>
<testsuite name="FactoryMethodPatternTest" tests="2" skipped="0" failures="0" errors="0" timestamp="2024-03-20T15:05:50" hostname="DESKTOP-8N146GG" time="3.732">
  <properties/>
  <testcase name="testAddedInvocationOfGetTransportationMethodInMainMethod()" classname="FactoryMethodPatternTest" time="3.71"/>
  <testcase name="transportationServiceFactoryClassTest()" classname="FactoryMethodPatternTest" time="0.022"/>
  <system-out><![CDATA[]]></system-out>
  <system-err><![CDATA[]]></system-err>
</testsuite>
